Start testing: Nov 17 09:42 MSK
----------------------------------------------------------
1/4 Testing: TestIP.ReadFromStream
1/4 Test: TestIP.ReadFromStream
Command: "/home/nikita/Документы/C_Cpp_progs/otus-cpp/filter_-_IP/build/debug/tests/GooTest" "--gtest_filter=TestIP.ReadFromStream" "--gtest_also_run_disabled_tests"
Directory: /home/nikita/Документы/C_Cpp_progs/otus-cpp/filter_-_IP/build/debug/tests
"TestIP.ReadFromStream" start time: Nov 17 09:42 MSK
Output:
----------------------------------------------------------
Note: Google Test filter = TestIP.ReadFromStream
[==========] Running 1 test from 1 test suite.
[----------] Global test environment set-up.
[----------] 1 test from TestIP
[ RUN      ] TestIP.ReadFromStream
Первый тест: f1 = 2 f2 = 3 f3 = 4 f4 = 5 ip = 33752069
Второй тест: f1 =  f2 =  f3 =  f4 =  ip = 50595078
Третий тест: f1 =  f2 =  f3 =  f4 = 
Четвертый тест: f1 =  f2 =  f3 =  f4 = 
[       OK ] TestIP.ReadFromStream (0 ms)
[----------] 1 test from TestIP (0 ms total)

[----------] Global test environment tear-down
[==========] 1 test from 1 test suite ran. (0 ms total)
[  PASSED  ] 1 test.
<end of output>
Test time =   0.00 sec
----------------------------------------------------------
Test Passed.
"TestIP.ReadFromStream" end time: Nov 17 09:42 MSK
"TestIP.ReadFromStream" time elapsed: 00:00:00
----------------------------------------------------------

2/4 Testing: TestIP.ReverseLexicographySort
2/4 Test: TestIP.ReverseLexicographySort
Command: "/home/nikita/Документы/C_Cpp_progs/otus-cpp/filter_-_IP/build/debug/tests/GooTest" "--gtest_filter=TestIP.ReverseLexicographySort" "--gtest_also_run_disabled_tests"
Directory: /home/nikita/Документы/C_Cpp_progs/otus-cpp/filter_-_IP/build/debug/tests
"TestIP.ReverseLexicographySort" start time: Nov 17 09:42 MSK
Output:
----------------------------------------------------------
Note: Google Test filter = TestIP.ReverseLexicographySort
[==========] Running 1 test from 1 test suite.
[----------] Global test environment set-up.
[----------] 1 test from TestIP
[ RUN      ] TestIP.ReverseLexicographySort
[       OK ] TestIP.ReverseLexicographySort (0 ms)
[----------] 1 test from TestIP (0 ms total)

[----------] Global test environment tear-down
[==========] 1 test from 1 test suite ran. (0 ms total)
[  PASSED  ] 1 test.
<end of output>
Test time =   0.00 sec
----------------------------------------------------------
Test Passed.
"TestIP.ReverseLexicographySort" end time: Nov 17 09:42 MSK
"TestIP.ReverseLexicographySort" time elapsed: 00:00:00
----------------------------------------------------------

3/4 Testing: TestIP.AnyByte
3/4 Test: TestIP.AnyByte
Command: "/home/nikita/Документы/C_Cpp_progs/otus-cpp/filter_-_IP/build/debug/tests/GooTest" "--gtest_filter=TestIP.AnyByte" "--gtest_also_run_disabled_tests"
Directory: /home/nikita/Документы/C_Cpp_progs/otus-cpp/filter_-_IP/build/debug/tests
"TestIP.AnyByte" start time: Nov 17 09:42 MSK
Output:
----------------------------------------------------------
Note: Google Test filter = TestIP.AnyByte
[==========] Running 1 test from 1 test suite.
[----------] Global test environment set-up.
[----------] 1 test from TestIP
[ RUN      ] TestIP.AnyByte
[       OK ] TestIP.AnyByte (0 ms)
[----------] 1 test from TestIP (0 ms total)

[----------] Global test environment tear-down
[==========] 1 test from 1 test suite ran. (0 ms total)
[  PASSED  ] 1 test.
<end of output>
Test time =   0.00 sec
----------------------------------------------------------
Test Passed.
"TestIP.AnyByte" end time: Nov 17 09:42 MSK
"TestIP.AnyByte" time elapsed: 00:00:00
----------------------------------------------------------

4/4 Testing: TestIp.FirstsByte
4/4 Test: TestIp.FirstsByte
Command: "/home/nikita/Документы/C_Cpp_progs/otus-cpp/filter_-_IP/build/debug/tests/GooTest" "--gtest_filter=TestIp.FirstsByte" "--gtest_also_run_disabled_tests"
Directory: /home/nikita/Документы/C_Cpp_progs/otus-cpp/filter_-_IP/build/debug/tests
"TestIp.FirstsByte" start time: Nov 17 09:42 MSK
Output:
----------------------------------------------------------
Note: Google Test filter = TestIp.FirstsByte
[==========] Running 1 test from 1 test suite.
[----------] Global test environment set-up.
[----------] 1 test from TestIp
[ RUN      ] TestIp.FirstsByte
[       OK ] TestIp.FirstsByte (0 ms)
[----------] 1 test from TestIp (0 ms total)

[----------] Global test environment tear-down
[==========] 1 test from 1 test suite ran. (0 ms total)
[  PASSED  ] 1 test.
<end of output>
Test time =   0.00 sec
----------------------------------------------------------
Test Passed.
"TestIp.FirstsByte" end time: Nov 17 09:42 MSK
"TestIp.FirstsByte" time elapsed: 00:00:00
----------------------------------------------------------

End testing: Nov 17 09:42 MSK
