Start testing: Nov 11 08:43 MSK
----------------------------------------------------------
1/5 Testing: TestVersion.PositiveVersion
1/5 Test: TestVersion.PositiveVersion
Command: "/home/nikita/Документы/C_Cpp_progs/otus-cpp/filter_-_IP/build/debug/tests/GooTest" "--gtest_filter=TestVersion.PositiveVersion" "--gtest_also_run_disabled_tests"
Directory: /home/nikita/Документы/C_Cpp_progs/otus-cpp/filter_-_IP/build/debug/tests
"TestVersion.PositiveVersion" start time: Nov 11 08:43 MSK
Output:
----------------------------------------------------------
Note: Google Test filter = TestVersion.PositiveVersion
[==========] Running 1 test from 1 test suite.
[----------] Global test environment set-up.
[----------] 1 test from TestVersion
[ RUN      ] TestVersion.PositiveVersion
[       OK ] TestVersion.PositiveVersion (0 ms)
[----------] 1 test from TestVersion (0 ms total)

[----------] Global test environment tear-down
[==========] 1 test from 1 test suite ran. (0 ms total)
[  PASSED  ] 1 test.
<end of output>
Test time =   0.00 sec
----------------------------------------------------------
Test Passed.
"TestVersion.PositiveVersion" end time: Nov 11 08:43 MSK
"TestVersion.PositiveVersion" time elapsed: 00:00:00
----------------------------------------------------------

2/5 Testing: TestIP.ReverseLexicographySort
2/5 Test: TestIP.ReverseLexicographySort
Command: "/home/nikita/Документы/C_Cpp_progs/otus-cpp/filter_-_IP/build/debug/tests/GooTest" "--gtest_filter=TestIP.ReverseLexicographySort" "--gtest_also_run_disabled_tests"
Directory: /home/nikita/Документы/C_Cpp_progs/otus-cpp/filter_-_IP/build/debug/tests
"TestIP.ReverseLexicographySort" start time: Nov 11 08:43 MSK
Output:
----------------------------------------------------------
Note: Google Test filter = TestIP.ReverseLexicographySort
[==========] Running 1 test from 1 test suite.
[----------] Global test environment set-up.
[----------] 1 test from TestIP
[ RUN      ] TestIP.ReverseLexicographySort
[       OK ] TestIP.ReverseLexicographySort (0 ms)
[----------] 1 test from TestIP (0 ms total)

[----------] Global test environment tear-down
[==========] 1 test from 1 test suite ran. (0 ms total)
[  PASSED  ] 1 test.
<end of output>
Test time =   0.00 sec
----------------------------------------------------------
Test Passed.
"TestIP.ReverseLexicographySort" end time: Nov 11 08:43 MSK
"TestIP.ReverseLexicographySort" time elapsed: 00:00:00
----------------------------------------------------------

3/5 Testing: TestIP.FirstByte
3/5 Test: TestIP.FirstByte
Command: "/home/nikita/Документы/C_Cpp_progs/otus-cpp/filter_-_IP/build/debug/tests/GooTest" "--gtest_filter=TestIP.FirstByte" "--gtest_also_run_disabled_tests"
Directory: /home/nikita/Документы/C_Cpp_progs/otus-cpp/filter_-_IP/build/debug/tests
"TestIP.FirstByte" start time: Nov 11 08:43 MSK
Output:
----------------------------------------------------------
Note: Google Test filter = TestIP.FirstByte
[==========] Running 1 test from 1 test suite.
[----------] Global test environment set-up.
[----------] 1 test from TestIP
[ RUN      ] TestIP.FirstByte
[       OK ] TestIP.FirstByte (0 ms)
[----------] 1 test from TestIP (0 ms total)

[----------] Global test environment tear-down
[==========] 1 test from 1 test suite ran. (0 ms total)
[  PASSED  ] 1 test.
<end of output>
Test time =   0.00 sec
----------------------------------------------------------
Test Passed.
"TestIP.FirstByte" end time: Nov 11 08:43 MSK
"TestIP.FirstByte" time elapsed: 00:00:00
----------------------------------------------------------

4/5 Testing: TestIP.SecondByte
4/5 Test: TestIP.SecondByte
Command: "/home/nikita/Документы/C_Cpp_progs/otus-cpp/filter_-_IP/build/debug/tests/GooTest" "--gtest_filter=TestIP.SecondByte" "--gtest_also_run_disabled_tests"
Directory: /home/nikita/Документы/C_Cpp_progs/otus-cpp/filter_-_IP/build/debug/tests
"TestIP.SecondByte" start time: Nov 11 08:43 MSK
Output:
----------------------------------------------------------
Note: Google Test filter = TestIP.SecondByte
[==========] Running 1 test from 1 test suite.
[----------] Global test environment set-up.
[----------] 1 test from TestIP
[ RUN      ] TestIP.SecondByte
[       OK ] TestIP.SecondByte (0 ms)
[----------] 1 test from TestIP (0 ms total)

[----------] Global test environment tear-down
[==========] 1 test from 1 test suite ran. (0 ms total)
[  PASSED  ] 1 test.
<end of output>
Test time =   0.00 sec
----------------------------------------------------------
Test Passed.
"TestIP.SecondByte" end time: Nov 11 08:43 MSK
"TestIP.SecondByte" time elapsed: 00:00:00
----------------------------------------------------------

5/5 Testing: TestIP.AnyByte
5/5 Test: TestIP.AnyByte
Command: "/home/nikita/Документы/C_Cpp_progs/otus-cpp/filter_-_IP/build/debug/tests/GooTest" "--gtest_filter=TestIP.AnyByte" "--gtest_also_run_disabled_tests"
Directory: /home/nikita/Документы/C_Cpp_progs/otus-cpp/filter_-_IP/build/debug/tests
"TestIP.AnyByte" start time: Nov 11 08:43 MSK
Output:
----------------------------------------------------------
Note: Google Test filter = TestIP.AnyByte
[==========] Running 1 test from 1 test suite.
[----------] Global test environment set-up.
[----------] 1 test from TestIP
[ RUN      ] TestIP.AnyByte
[       OK ] TestIP.AnyByte (0 ms)
[----------] 1 test from TestIP (0 ms total)

[----------] Global test environment tear-down
[==========] 1 test from 1 test suite ran. (0 ms total)
[  PASSED  ] 1 test.
<end of output>
Test time =   0.00 sec
----------------------------------------------------------
Test Passed.
"TestIP.AnyByte" end time: Nov 11 08:43 MSK
"TestIP.AnyByte" time elapsed: 00:00:00
----------------------------------------------------------

End testing: Nov 11 08:43 MSK
